{"message":"logger initalized","level":"info"}
{"message":"API hit","level":"info"}
{"message":"logger initalized","level":"info"}
{"message":"logger initalized","level":"info"}
{"message":"logger initalized","level":"info"}
{"message":"logger initalized","level":"info"}
{"message":"logger initalized","level":"info"}
{"message":"API hit","level":"info"}
{"message":"logger initalized","level":"info"}
{"message":"logger initalized","level":"info"}
{"message":"SEND_ELASTALERT from API","level":"info"}
{"message":"SEND_ELASTALERT from API","level":"info"}
{"message":"SEND_ELASTALERT from API","level":"info"}
{"message":"SEND_ELASTALERT from API","level":"info"}
{"message":"SEND_ELASTALERT from API","level":"info"}
{"message":"SEND_ELASTALERT from API","level":"info"}
{"message":"SEND_ELASTALERT from API","level":"info"}
{"message":"SEND_ELASTALERT from API","level":"info"}
{"message":"SEND_ELASTALERT from API","level":"info"}
{"message":"SEND_ELASTALERT from API","level":"info"}
{"message":"SEND_ELASTALERT from API","level":"info"}
{"message":"SEND_ELASTALERT from API","level":"info"}
{"message":"SEND_ELASTALERT from API","level":"info"}
{"message":"SEND_ELASTALERT from API","level":"info"}
{"message":"SEND_ELASTALERT from API","level":"info"}
{"message":"SEND_ELASTALERT from API","level":"info"}
{"message":"SEND_ELASTALERT from API","level":"info"}
{"message":"SEND_ELASTALERT from API","level":"info"}
{"message":"logger initalized","level":"info"}
{"message":"SEND_ELASTALERT from API","level":"info"}
{"message":"SEND_ELASTALERT from API","level":"info"}
{"message":"SEND_ELASTALERT from API","level":"info"}
{"message":"SEND_ELASTALERT from API","level":"info"}
{"message":"SEND_ELASTALERT from API","level":"info"}
{"message":"SEND_ELASTALERT from API","level":"info"}
{"message":"SEND_ELASTALERT from API","level":"info"}
{"message":"SEND_ELASTALERT from API","level":"info"}
{"message":"SEND_ELASTALERT from API","level":"info"}
{"message":"SEND_ELASTALERT from API","level":"info"}
{"message":"SEND_ELASTALERT from API","level":"info"}
{"message":"SEND_ELASTALERT from API","level":"info"}
{"message":"SEND_ELASTALERT from API","level":"info"}
{"message":"SEND_ELASTALERT from API","level":"info"}
{"message":"SEND_ELASTALERT from API","level":"info"}
{"message":"SEND_ELASTALERT from API","level":"info"}
{"message":"SEND_ELASTALERT from API","level":"info"}
{"message":"SEND_ELASTALERT from API","level":"info"}
{"message":"SEND_ELASTALERT from API","level":"info"}
{"message":"logger initalized","level":"info"}
{"message":"SEND_ELASTALERT from API Post","level":"info"}
{"message":"logger initalized","level":"info"}
{"message":"SEND_ELASTALERT from API Post","level":"info"}
{"message":"logger initalized","level":"info"}
{"message":"SEND_ELASTALERT from API Post","level":"info"}
{"message":"SEND_ELASTALERT from API Get","level":"info"}
{"message":"SEND_ELASTALERT from API Post","level":"info"}
{"message":"logger initalized","level":"info"}
{"message":"SEND_ELASTALERT from API Get","level":"info"}
{"message":"SEND_ELASTALERT from API Post","level":"info"}
{"message":"SEND_ELASTALERT from API Get","level":"info"}
{"message":"SEND_ELASTALERT from API Get","level":"info"}
{"message":"SEND_ELASTALERT from API Get","level":"info"}
{"message":"SEND_ELASTALERT from API Post","level":"info"}
{"message":"SEND_ELASTALERT from API Get","level":"info"}
{"message":"SEND_ELASTALERT from API Post","level":"info"}
{"message":"SEND_ELASTALERT from API Get","level":"info"}
{"message":"SEND_ELASTALERT from API Get","level":"info"}
{"message":"SEND_ELASTALERT from API Get","level":"info"}
{"message":"SEND_ELASTALERT from API Post","level":"info"}
{"message":"SEND_ELASTALERT from API Get","level":"info"}
{"message":"logger initalized","level":"info"}
{"message":"logger initalized","level":"info"}
{"message":"recieved Data get request Wed Nov 07 2018 19:29:54 GMT-0500 (EST)","level":"info"}
{"message":"retrieved data from DB Wed Nov 07 2018 19:29:55 GMT-0500 (EST)","level":"info"}
{"message":"recieved Data get request Wed Nov 07 2018 19:35:34 GMT-0500 (EST)","level":"info"}
{"message":"retrieved data from DB Wed Nov 07 2018 19:35:34 GMT-0500 (EST)","level":"info"}
{"message":"recieved Data get request Wed Nov 07 2018 19:35:38 GMT-0500 (EST)","level":"info"}
{"message":"retrieved data from DB Wed Nov 07 2018 19:35:38 GMT-0500 (EST)","level":"info"}
