{"message":"logger initalized","level":"info"}
{"message":"recieved Data get request Sat Mar 28 2020 12:42:46 GMT-0400 (EDT)","level":"info"}
{"message":"retrieved data from DB Sat Mar 28 2020 12:42:46 GMT-0400 (EDT)","level":"info"}
{"message":"recieved Data get request Sat Mar 28 2020 12:45:21 GMT-0400 (EDT)","level":"info"}
{"message":"retrieved data from DB Sat Mar 28 2020 12:45:21 GMT-0400 (EDT)","level":"info"}
{"message":"recieved API post request Sat Mar 28 2020 12:48:24 GMT-0400 (EDT)","level":"info"}
{"message":"inserted into DB Sat Mar 28 2020 12:48:24 GMT-0400 (EDT)","level":"info"}
{"message":"recieved API post request Sat Mar 28 2020 12:48:43 GMT-0400 (EDT)","level":"info"}
{"message":"inserted into DB Sat Mar 28 2020 12:48:43 GMT-0400 (EDT)","level":"info"}
{"message":"logger initalized","level":"info"}
{"message":"logger initalized","level":"info"}
{"message":"recieved Data get request Sat Mar 28 2020 16:59:16 GMT-0400 (EDT)","level":"info"}
{"message":"retrieved data from DB Sat Mar 28 2020 16:59:16 GMT-0400 (EDT)","level":"info"}
{"message":"recieved Data get request Sat Mar 28 2020 16:59:18 GMT-0400 (EDT)","level":"info"}
{"message":"retrieved data from DB Sat Mar 28 2020 16:59:18 GMT-0400 (EDT)","level":"info"}
{"message":"recieved Data get request Sat Mar 28 2020 16:59:24 GMT-0400 (EDT)","level":"info"}
{"level":"info"}
{"message":"logger initalized","level":"info"}
{"message":"recieved Data get request Sat Mar 28 2020 17:00:29 GMT-0400 (EDT)","level":"info"}
{"message":"retrieved data from DB Sat Mar 28 2020 17:00:29 GMT-0400 (EDT)","level":"info"}
{"message":"recieved API post request Sat Mar 28 2020 17:00:37 GMT-0400 (EDT)","level":"info"}
{"message":"inserted into DB Sat Mar 28 2020 17:00:37 GMT-0400 (EDT)","level":"info"}
{"message":"recieved Data get request Sat Mar 28 2020 17:00:48 GMT-0400 (EDT)","level":"info"}
{"message":"retrieved data from DB Sat Mar 28 2020 17:00:48 GMT-0400 (EDT)","level":"info"}
{"message":"recieved API post request Sat Mar 28 2020 17:01:12 GMT-0400 (EDT)","level":"info"}
{"message":"inserted into DB Sat Mar 28 2020 17:01:12 GMT-0400 (EDT)","level":"info"}
{"message":"recieved API post request Sat Mar 28 2020 17:01:43 GMT-0400 (EDT)","level":"info"}
{"message":"inserted into DB Sat Mar 28 2020 17:01:43 GMT-0400 (EDT)","level":"info"}
{"message":"recieved Data get request Sat Mar 28 2020 17:01:58 GMT-0400 (EDT)","level":"info"}
{"message":"retrieved data from DB Sat Mar 28 2020 17:01:58 GMT-0400 (EDT)","level":"info"}
{"message":"recieved Data get request Sat Mar 28 2020 17:02:05 GMT-0400 (EDT)","level":"info"}
{"message":"retrieved data from DB Sat Mar 28 2020 17:02:05 GMT-0400 (EDT)","level":"info"}
{"message":"recieved API post request Sat Mar 28 2020 17:02:09 GMT-0400 (EDT)","level":"info"}
{"message":"inserted into DB Sat Mar 28 2020 17:02:09 GMT-0400 (EDT)","level":"info"}
{"message":"recieved Data get request Sat Mar 28 2020 17:02:14 GMT-0400 (EDT)","level":"info"}
{"message":"retrieved data from DB Sat Mar 28 2020 17:02:14 GMT-0400 (EDT)","level":"info"}
{"message":"recieved API post request Sat Mar 28 2020 17:02:17 GMT-0400 (EDT)","level":"info"}
{"message":"inserted into DB Sat Mar 28 2020 17:02:17 GMT-0400 (EDT)","level":"info"}
{"message":"logger initalized","level":"info"}
{"message":"recieved Data get request Sat Mar 28 2020 17:03:03 GMT-0400 (EDT)","level":"info"}
{"message":"retrieved data from DB Sat Mar 28 2020 17:03:03 GMT-0400 (EDT)","level":"info"}
{"message":"recieved API post request Sat Mar 28 2020 17:03:05 GMT-0400 (EDT)","level":"info"}
{"message":"inserted into DB Sat Mar 28 2020 17:03:05 GMT-0400 (EDT)","level":"info"}
{"message":"recieved API post request Sat Mar 28 2020 17:03:07 GMT-0400 (EDT)","level":"info"}
{"message":"inserted into DB Sat Mar 28 2020 17:03:07 GMT-0400 (EDT)","level":"info"}
{"message":"recieved API post request Sat Mar 28 2020 17:03:12 GMT-0400 (EDT)","level":"info"}
{"message":"inserted into DB Sat Mar 28 2020 17:03:12 GMT-0400 (EDT)","level":"info"}
{"message":"recieved API post request Sat Mar 28 2020 17:03:12 GMT-0400 (EDT)","level":"info"}
{"message":"inserted into DB Sat Mar 28 2020 17:03:12 GMT-0400 (EDT)","level":"info"}
{"message":"recieved Data get request Sat Mar 28 2020 17:03:19 GMT-0400 (EDT)","level":"info"}
{"message":"retrieved data from DB Sat Mar 28 2020 17:03:19 GMT-0400 (EDT)","level":"info"}
